hostname=lyg0236
start_time=2026-05-06 19:02:33
python=/mnt/users/moweile-20251213/conda/envs/self-forcing/bin/python
Wed May  6 19:02:33 2026       
+-----------------------------------------------------------------------------------------+
| NVIDIA-SMI 570.158.01             Driver Version: 570.158.01     CUDA Version: 12.8     |
|-----------------------------------------+------------------------+----------------------+
| GPU  Name                 Persistence-M | Bus-Id          Disp.A | Volatile Uncorr. ECC |
| Fan  Temp   Perf          Pwr:Usage/Cap |           Memory-Usage | GPU-Util  Compute M. |
|                                         |                        |               MIG M. |
|=========================================+========================+======================|
|   0  NVIDIA A100-SXM4-80GB          Off |   00000000:51:00.0 Off |                    0 |
| N/A   37C    P0             62W /  400W |       4MiB /  81920MiB |      0%      Default |
|                                         |                        |             Disabled |
+-----------------------------------------+------------------------+----------------------+
|   1  NVIDIA A100-SXM4-80GB          Off |   00000000:56:00.0 Off |                    0 |
| N/A   36C    P0            102W /  400W |   16489MiB /  81920MiB |     38%      Default |
|                                         |                        |             Disabled |
+-----------------------------------------+------------------------+----------------------+
|   2  NVIDIA A100-SXM4-80GB          Off |   00000000:6B:00.0 Off |                    0 |
| N/A   39C    P0            164W /  400W |   16549MiB /  81920MiB |     60%      Default |
|                                         |                        |             Disabled |
+-----------------------------------------+------------------------+----------------------+
|   3  NVIDIA A100-SXM4-80GB          Off |   00000000:71:00.0 Off |                    0 |
| N/A   58C    P0            303W /  400W |   22077MiB /  81920MiB |     91%      Default |
|                                         |                        |             Disabled |
+-----------------------------------------+------------------------+----------------------+
|   4  NVIDIA A100-SXM4-80GB          Off |   00000000:8A:00.0 Off |                    0 |
| N/A   34C    P0             62W /  400W |       4MiB /  81920MiB |      0%      Default |
|                                         |                        |             Disabled |
+-----------------------------------------+------------------------+----------------------+
|   5  NVIDIA A100-SXM4-80GB          Off |   00000000:8E:00.0 Off |                    0 |
| N/A   31C    P0             63W /  400W |       4MiB /  81920MiB |      0%      Default |
|                                         |                        |             Disabled |
+-----------------------------------------+------------------------+----------------------+
|   6  NVIDIA A100-SXM4-80GB          Off |   00000000:D9:00.0 Off |                    0 |
| N/A   34C    P0             70W /  400W |   48980MiB /  81920MiB |      0%      Default |
|                                         |                        |             Disabled |
+-----------------------------------------+------------------------+----------------------+
|   7  NVIDIA A100-SXM4-80GB          Off |   00000000:DC:00.0 Off |                    0 |
| N/A   37C    P0             65W /  400W |       4MiB /  81920MiB |      0%      Default |
|                                         |                        |             Disabled |
+-----------------------------------------+------------------------+----------------------+
                                                                                         
+-----------------------------------------------------------------------------------------+
| Processes:                                                                              |
|  GPU   GI   CI              PID   Type   Process name                        GPU Memory |
|        ID   ID                                                               Usage      |
|=========================================================================================|
|    1   N/A  N/A         2407339      C   python3                               16480MiB |
|    2   N/A  N/A         2406694      C   python3                               16540MiB |
|    3   N/A  N/A         3246962      C   python3                               22068MiB |
|    6   N/A  N/A         2099202      C   sglang::scheduler                     48970MiB |
+-----------------------------------------------------------------------------------------+
Running inference with checkpoint ckpts/Self-Forcing/self_forcing_dmd.pt and prompts from assets/t2v.txt
Output will be saved to results/selfforcing/bf16
Free VRAM 78.83880615234375 GB
KV inference with 3 frames per block
Number of prompts: 2

At Chunk 8, max tokens to quantize: 37440 tokens
Quantizing 37440 tokens, from 0 to 37440 tokens. The max tokens to quantize is 37440
Peak Memory Usage: 20568.16 MB | Other Memory Usage: 13977.68 MB | Per Layer Memory Usage: 219.40 MB | Total KV Cache Memory Usage: 6581.87 MB

At Chunk 16, max tokens to quantize: 74880 tokens
Quantizing 37440 tokens, from 37440 to 74880 tokens. The max tokens to quantize is 74880
Peak Memory Usage: 27160.49 MB | Other Memory Usage: 13977.68 MB | Per Layer Memory Usage: 438.83 MB | Total KV Cache Memory Usage: 13164.99 MB

At Chunk 24, max tokens to quantize: 112320 tokens
Quantizing 37440 tokens, from 74880 to 112320 tokens. The max tokens to quantize is 112320
Peak Memory Usage: 33749.53 MB | Other Memory Usage: 13977.68 MB | Per Layer Memory Usage: 658.22 MB | Total KV Cache Memory Usage: 19746.59 MB

At Chunk 32, max tokens to quantize: 149760 tokens
Quantizing 37440 tokens, from 112320 to 149760 tokens. The max tokens to quantize is 149760
Peak Memory Usage: 40331.75 MB | Other Memory Usage: 13977.68 MB | Per Layer Memory Usage: 877.54 MB | Total KV Cache Memory Usage: 26326.20 MB

At Chunk 40, max tokens to quantize: 187200 tokens
Quantizing 37440 tokens, from 149760 to 187200 tokens. The max tokens to quantize is 187200
Peak Memory Usage: 46913.16 MB | Other Memory Usage: 13977.68 MB | Per Layer Memory Usage: 1096.92 MB | Total KV Cache Memory Usage: 32907.45 MB

At Chunk 48, max tokens to quantize: 224640 tokens
Quantizing 37440 tokens, from 187200 to 224640 tokens. The max tokens to quantize is 224640
Peak Memory Usage: 53494.41 MB | Other Memory Usage: 13977.68 MB | Per Layer Memory Usage: 1316.25 MB | Total KV Cache Memory Usage: 39487.53 MB

At Chunk 56, max tokens to quantize: 262080 tokens
Quantizing 37440 tokens, from 224640 to 262080 tokens. The max tokens to quantize is 262080
Peak Memory Usage: 60076.33 MB | Other Memory Usage: 13977.68 MB | Per Layer Memory Usage: 1535.76 MB | Total KV Cache Memory Usage: 46072.88 MB
Saving video to results/selfforcing/bf16/0-0_ema.mp4

At Chunk 8, max tokens to quantize: 37440 tokens
Quantizing 37440 tokens, from 0 to 37440 tokens. The max tokens to quantize is 37440
Peak Memory Usage: 63398.85 MB | Other Memory Usage: 14009.33 MB | Per Layer Memory Usage: 1645.35 MB | Total KV Cache Memory Usage: 49360.58 MB

At Chunk 16, max tokens to quantize: 74880 tokens
Quantizing 37440 tokens, from 37440 to 74880 tokens. The max tokens to quantize is 74880
Peak Memory Usage: 63398.85 MB | Other Memory Usage: 14009.33 MB | Per Layer Memory Usage: 1645.35 MB | Total KV Cache Memory Usage: 49360.58 MB

At Chunk 24, max tokens to quantize: 112320 tokens
Quantizing 37440 tokens, from 74880 to 112320 tokens. The max tokens to quantize is 112320
Peak Memory Usage: 63398.85 MB | Other Memory Usage: 14009.33 MB | Per Layer Memory Usage: 1645.35 MB | Total KV Cache Memory Usage: 49360.58 MB

At Chunk 32, max tokens to quantize: 149760 tokens
Quantizing 37440 tokens, from 112320 to 149760 tokens. The max tokens to quantize is 149760
Peak Memory Usage: 63398.85 MB | Other Memory Usage: 14009.33 MB | Per Layer Memory Usage: 1645.35 MB | Total KV Cache Memory Usage: 49360.58 MB

At Chunk 40, max tokens to quantize: 187200 tokens
Quantizing 37440 tokens, from 149760 to 187200 tokens. The max tokens to quantize is 187200
Peak Memory Usage: 63398.85 MB | Other Memory Usage: 14009.33 MB | Per Layer Memory Usage: 1645.35 MB | Total KV Cache Memory Usage: 49360.58 MB

At Chunk 48, max tokens to quantize: 224640 tokens
Quantizing 37440 tokens, from 187200 to 224640 tokens. The max tokens to quantize is 224640
Peak Memory Usage: 63398.85 MB | Other Memory Usage: 14009.33 MB | Per Layer Memory Usage: 1645.35 MB | Total KV Cache Memory Usage: 49360.58 MB

At Chunk 56, max tokens to quantize: 262080 tokens
Quantizing 37440 tokens, from 224640 to 262080 tokens. The max tokens to quantize is 262080
Peak Memory Usage: 63398.85 MB | Other Memory Usage: 14009.33 MB | Per Layer Memory Usage: 1645.35 MB | Total KV Cache Memory Usage: 49360.58 MB
Saving video to results/selfforcing/bf16/1-0_ema.mp4
end_time=2026-05-06 19:31:14
