/mnt/public/apps/miniconda3/envs/qvg/lib/python3.12/site-packages/torch/distributed/distributed_c10d.py:4807: UserWarning: No device id is provided via `init_process_group` or `barrier `. Using the current device set by the user. 
  warnings.warn(  # warn only once
[rank0]:[W507 15:45:48.525207955 ProcessGroupNCCL.cpp:5023] [PG ID 0 PG GUID 0 Rank 0]  using GPU 0 as device used by this process is currently unknown. This can potentially cause a hang if this rank to GPU mapping is incorrect. You can specify device_id in init_process_group() to force use of a particular device.
0it [00:00, ?it/s]
  0%|          | 0/60 [00:00<?, ?it/s][A
  2%|▏         | 1/60 [00:03<03:50,  3.91s/it][A
  3%|▎         | 2/60 [00:06<02:44,  2.84s/it][A
  5%|▌         | 3/60 [00:08<02:28,  2.60s/it][A
  7%|▋         | 4/60 [00:10<02:23,  2.56s/it][A
  8%|▊         | 5/60 [00:13<02:14,  2.44s/it][A
 10%|█         | 6/60 [00:17<02:48,  3.12s/it][A
 12%|█▏        | 7/60 [00:22<03:13,  3.64s/it][A
 13%|█▎        | 8/60 [00:26<03:16,  3.79s/it][A 13%|█▎        | 8/60 [01:44<11:21, 13.10s/it]
0it [01:46, ?it/s]
[rank0]: Traceback (most recent call last):
[rank0]:   File "/mnt/users/moweile-20251213/workspace/videoquant/Quant-VideoGen/experiments/Self-Forcing/inference.py", line 198, in <module>
[rank0]:     video, latents = pipeline.inference(
[rank0]:                      ^^^^^^^^^^^^^^^^^^^
[rank0]:   File "/mnt/users/moweile-20251213/workspace/videoquant/Quant-VideoGen/experiments/Self-Forcing/pipeline/causal_inference.py", line 354, in inference
[rank0]:     self.quantize_kv_cache(tokens_to_quantize_start, tokens_to_quantize_end, max_tokens_to_quantize)
[rank0]:   File "/mnt/users/moweile-20251213/workspace/videoquant/Quant-VideoGen/experiments/Self-Forcing/pipeline/causal_inference.py", line 106, in quantize_kv_cache
[rank0]:     k_quant, v_quant = compress_kv_cache(
[rank0]:                        ^^^^^^^^^^^^^^^^^^
[rank0]:   File "/mnt/users/moweile-20251213/workspace/videoquant/Quant-VideoGen/quant_videogen/compress.py", line 225, in compress_kv_cache
[rank0]:     k_quant = triton_prq_quantize_tensor(
[rank0]:               ^^^^^^^^^^^^^^^^^^^^^^^^^^^
[rank0]:   File "/mnt/users/moweile-20251213/workspace/videoquant/Quant-VideoGen/quant_videogen/functions.py", line 316, in triton_prq_quantize_tensor
[rank0]:     centroids_list, cluster_ids_list, residual_quant, scales = prq_quant(
[rank0]:                                                                ^^^^^^^^^^
[rank0]:   File "/mnt/users/moweile-20251213/workspace/videoquant/Quant-VideoGen/quant_videogen/real/prq.py", line 85, in prq_quant
[rank0]:     residual_quant, scales = quant_pack(
[rank0]:                              ^^^^^^^^^^^
[rank0]:   File "/mnt/users/moweile-20251213/workspace/videoquant/Quant-VideoGen/quant_videogen/real/quant_pack.py", line 175, in quant_pack
[rank0]:     _quant_pack_kernel[grid](
[rank0]:   File "/mnt/public/apps/miniconda3/envs/qvg/lib/python3.12/site-packages/triton/runtime/jit.py", line 390, in <lambda>
[rank0]:     return lambda *args, **kwargs: self.run(grid=grid, warmup=False, *args, **kwargs)
[rank0]:                                    ^^^^^^^^^^^^^^^^^^^^^^^^^^^^^^^^^^^^^^^^^^^^^^^^^^
[rank0]:   File "/mnt/public/apps/miniconda3/envs/qvg/lib/python3.12/site-packages/triton/runtime/autotuner.py", line 239, in run
[rank0]:     benchmark()
[rank0]:   File "/mnt/public/apps/miniconda3/envs/qvg/lib/python3.12/site-packages/triton/runtime/autotuner.py", line 228, in benchmark
[rank0]:     timings = {config: self._bench(*args, config=config, **kwargs) for config in pruned_configs}
[rank0]:                        ^^^^^^^^^^^^^^^^^^^^^^^^^^^^^^^^^^^^^^^^^^^
[rank0]:   File "/mnt/public/apps/miniconda3/envs/qvg/lib/python3.12/site-packages/triton/runtime/autotuner.py", line 160, in _bench
[rank0]:     return self.do_bench(kernel_call, quantiles=(0.5, 0.2, 0.8))
[rank0]:            ^^^^^^^^^^^^^^^^^^^^^^^^^^^^^^^^^^^^^^^^^^^^^^^^^^^^^
[rank0]:   File "/mnt/public/apps/miniconda3/envs/qvg/lib/python3.12/site-packages/triton/testing.py", line 149, in do_bench
[rank0]:     fn()
[rank0]:   File "/mnt/public/apps/miniconda3/envs/qvg/lib/python3.12/site-packages/triton/runtime/autotuner.py", line 146, in kernel_call
[rank0]:     self.fn.run(
[rank0]:   File "/mnt/public/apps/miniconda3/envs/qvg/lib/python3.12/site-packages/triton/runtime/autotuner.py", line 453, in run
[rank0]:     return self.fn.run(*args, **kwargs)
[rank0]:            ^^^^^^^^^^^^^^^^^^^^^^^^^^^^
[rank0]:   File "/mnt/public/apps/miniconda3/envs/qvg/lib/python3.12/site-packages/triton/runtime/jit.py", line 594, in run
[rank0]:     kernel = self.compile(src, target=target, options=options.__dict__)
[rank0]:              ^^^^^^^^^^^^^^^^^^^^^^^^^^^^^^^^^^^^^^^^^^^^^^^^^^^^^^^^^^
[rank0]:   File "/mnt/public/apps/miniconda3/envs/qvg/lib/python3.12/site-packages/triton/compiler/compiler.py", line 339, in compile
[rank0]:     module = src.make_ir(options, codegen_fns, module_map, context)
[rank0]:              ^^^^^^^^^^^^^^^^^^^^^^^^^^^^^^^^^^^^^^^^^^^^^^^^^^^^^^
[rank0]:   File "/mnt/public/apps/miniconda3/envs/qvg/lib/python3.12/site-packages/triton/compiler/compiler.py", line 83, in make_ir
[rank0]:     return ast_to_ttir(self.fn, self, context=context, options=options, codegen_fns=codegen_fns,
[rank0]:            ^^^^^^^^^^^^^^^^^^^^^^^^^^^^^^^^^^^^^^^^^^^^^^^^^^^^^^^^^^^^^^^^^^^^^^^^^^^^^^^^^^^^^
[rank0]: triton.compiler.errors.CompilationError: at 1:0:
[rank0]: def _quant_pack_kernel(
[rank0]: ^
[rank0]: ValueError("type fp8e4nv not supported in this architecture. The supported fp8 dtypes are ('fp8e4b15', 'fp8e5')")
[rank0]:[W507 15:47:51.900580161 ProcessGroupNCCL.cpp:1538] Warning: WARNING: destroy_process_group() was not called before program exit, which can leak resources. For more info, please see https://pytorch.org/docs/stable/distributed.html#shutdown (function operator())
E0507 15:47:57.461000 1759853 site-packages/torch/distributed/elastic/multiprocessing/api.py:874] failed (exitcode: 1) local_rank: 0 (pid: 1760482) of binary: /mnt/public/apps/miniconda3/envs/qvg/bin/python
Traceback (most recent call last):
  File "/mnt/public/apps/miniconda3/envs/qvg/bin/torchrun", line 10, in <module>
    sys.exit(main())
             ^^^^^^
  File "/mnt/public/apps/miniconda3/envs/qvg/lib/python3.12/site-packages/torch/distributed/elastic/multiprocessing/errors/__init__.py", line 357, in wrapper
    return f(*args, **kwargs)
           ^^^^^^^^^^^^^^^^^^
  File "/mnt/public/apps/miniconda3/envs/qvg/lib/python3.12/site-packages/torch/distributed/run.py", line 901, in main
    run(args)
  File "/mnt/public/apps/miniconda3/envs/qvg/lib/python3.12/site-packages/torch/distributed/run.py", line 892, in run
    elastic_launch(
  File "/mnt/public/apps/miniconda3/envs/qvg/lib/python3.12/site-packages/torch/distributed/launcher/api.py", line 143, in __call__
    return launch_agent(self._config, self._entrypoint, list(args))
           ^^^^^^^^^^^^^^^^^^^^^^^^^^^^^^^^^^^^^^^^^^^^^^^^^^^^^^^^
  File "/mnt/public/apps/miniconda3/envs/qvg/lib/python3.12/site-packages/torch/distributed/launcher/api.py", line 277, in launch_agent
    raise ChildFailedError(
torch.distributed.elastic.multiprocessing.errors.ChildFailedError: 
============================================================
experiments/Self-Forcing/inference.py FAILED
------------------------------------------------------------
Failures:
  <NO_OTHER_FAILURES>
------------------------------------------------------------
Root Cause (first observed failure):
[0]:
  time      : 2026-05-07_15:47:57
  host      : lyg0311
  rank      : 0 (local_rank: 0)
  exitcode  : 1 (pid: 1760482)
  error_file: <N/A>
  traceback : To enable traceback see: https://pytorch.org/docs/stable/elastic/errors.html
============================================================
