hostname=lyg0311
start_time=2026-05-07 15:33:41
python=/mnt/public/apps/miniconda3/envs/qvg/bin/python
Thu May  7 15:33:41 2026       
+-----------------------------------------------------------------------------------------+
| NVIDIA-SMI 570.158.01             Driver Version: 570.158.01     CUDA Version: 12.8     |
|-----------------------------------------+------------------------+----------------------+
| GPU  Name                 Persistence-M | Bus-Id          Disp.A | Volatile Uncorr. ECC |
| Fan  Temp   Perf          Pwr:Usage/Cap |           Memory-Usage | GPU-Util  Compute M. |
|                                         |                        |               MIG M. |
|=========================================+========================+======================|
|   0  NVIDIA A100-SXM4-80GB          Off |   00000000:51:00.0 Off |                    0 |
| N/A   43C    P0            115W /  400W |   16409MiB /  81920MiB |     28%      Default |
|                                         |                        |             Disabled |
+-----------------------------------------+------------------------+----------------------+
|   1  NVIDIA A100-SXM4-80GB          Off |   00000000:56:00.0 Off |                    0 |
| N/A   39C    P0             70W /  400W |   71445MiB /  81920MiB |      5%      Default |
|                                         |                        |             Disabled |
+-----------------------------------------+------------------------+----------------------+
|   2  NVIDIA A100-SXM4-80GB          Off |   00000000:6B:00.0 Off |                    0 |
| N/A   35C    P0             76W /  400W |   16539MiB /  81920MiB |     22%      Default |
|                                         |                        |             Disabled |
+-----------------------------------------+------------------------+----------------------+
|   3  NVIDIA A100-SXM4-80GB          Off |   00000000:71:00.0 Off |                    0 |
| N/A   39C    P0             74W /  400W |   50423MiB /  81920MiB |      0%      Default |
|                                         |                        |             Disabled |
+-----------------------------------------+------------------------+----------------------+
|   4  NVIDIA A100-SXM4-80GB          Off |   00000000:8A:00.0 Off |                    0 |
| N/A   39C    P0             72W /  400W |   12367MiB /  81920MiB |      0%      Default |
|                                         |                        |             Disabled |
+-----------------------------------------+------------------------+----------------------+
|   5  NVIDIA A100-SXM4-80GB          Off |   00000000:8E:00.0 Off |                    0 |
| N/A   34C    P0             67W /  400W |   12717MiB /  81920MiB |      0%      Default |
|                                         |                        |             Disabled |
+-----------------------------------------+------------------------+----------------------+
|   6  NVIDIA A100-SXM4-80GB          Off |   00000000:D9:00.0 Off |                    0 |
| N/A   34C    P0             66W /  400W |       0MiB /  81920MiB |      0%      Default |
|                                         |                        |             Disabled |
+-----------------------------------------+------------------------+----------------------+
|   7  NVIDIA A100-SXM4-80GB          Off |   00000000:DC:00.0 Off |                    0 |
| N/A   46C    P0            168W /  400W |   39509MiB /  81920MiB |     49%      Default |
|                                         |                        |             Disabled |
+-----------------------------------------+------------------------+----------------------+
                                                                                         
+-----------------------------------------------------------------------------------------+
| Processes:                                                                              |
|  GPU   GI   CI              PID   Type   Process name                        GPU Memory |
|        ID   ID                                                               Usage      |
|=========================================================================================|
|    0   N/A  N/A         2038907      C   python3                               16400MiB |
|    1   N/A  N/A         1081216      C   python                                71436MiB |
|    2   N/A  N/A         1055586      C   python3                               16530MiB |
|    3   N/A  N/A         1081215      C   python                                50414MiB |
|    4   N/A  N/A         1561236      C   python                                12358MiB |
|    5   N/A  N/A         1561236      C   python                                12708MiB |
|    7   N/A  N/A         1443901      C   python3                               39500MiB |
+-----------------------------------------------------------------------------------------+
Running inference with checkpoint ckpts/Self-Forcing/self_forcing_dmd.pt and prompts from assets/t2v.txt
Output will be saved to results/selfforcing/triton-nstages-kmeans-int2_64/kc_256_vc_256_nstages_1
Free VRAM 78.83880615234375 GB
KV inference with 3 frames per block
Number of prompts: 2

At Chunk 8, max tokens to quantize: 37440 tokens
Quantizing 37440 tokens, from 0 to 37440 tokens. The max tokens to quantize is 37440
Quantizing kv cache with config:
namespace(quant_type='triton-nstages-kmeans-int2', cache_num_k_centroids=256, cache_num_v_centroids=256, kmeans_max_iters=2, quant_block_size=64, num_prq_stages=1)
