hostname=lyg0236
start_time=2026-05-07 13:35:26
python=/mnt/users/moweile-20251213/conda/envs/self-forcing/bin/python
Thu May  7 13:35:26 2026       
+-----------------------------------------------------------------------------------------+
| NVIDIA-SMI 570.158.01             Driver Version: 570.158.01     CUDA Version: 12.8     |
|-----------------------------------------+------------------------+----------------------+
| GPU  Name                 Persistence-M | Bus-Id          Disp.A | Volatile Uncorr. ECC |
| Fan  Temp   Perf          Pwr:Usage/Cap |           Memory-Usage | GPU-Util  Compute M. |
|                                         |                        |               MIG M. |
|=========================================+========================+======================|
|   0  NVIDIA A100-SXM4-80GB          Off |   00000000:51:00.0 Off |                    0 |
| N/A   41C    P0             69W /  400W |   51641MiB /  81920MiB |      0%      Default |
|                                         |                        |             Disabled |
+-----------------------------------------+------------------------+----------------------+
|   1  NVIDIA A100-SXM4-80GB          Off |   00000000:56:00.0 Off |                    0 |
| N/A   35C    P0             96W /  400W |   17729MiB /  81920MiB |     40%      Default |
|                                         |                        |             Disabled |
+-----------------------------------------+------------------------+----------------------+
|   2  NVIDIA A100-SXM4-80GB          Off |   00000000:6B:00.0 Off |                    0 |
| N/A   30C    P0             60W /  400W |       0MiB /  81920MiB |      0%      Default |
|                                         |                        |             Disabled |
+-----------------------------------------+------------------------+----------------------+
|   3  NVIDIA A100-SXM4-80GB          Off |   00000000:71:00.0 Off |                    0 |
| N/A   50C    P0            213W /  400W |   18151MiB /  81920MiB |     71%      Default |
|                                         |                        |             Disabled |
+-----------------------------------------+------------------------+----------------------+
|   4  NVIDIA A100-SXM4-80GB          Off |   00000000:8A:00.0 Off |                    0 |
| N/A   45C    P0             73W /  400W |   46059MiB /  81920MiB |      0%      Default |
|                                         |                        |             Disabled |
+-----------------------------------------+------------------------+----------------------+
|   5  NVIDIA A100-SXM4-80GB          Off |   00000000:8E:00.0 Off |                    0 |
| N/A   35C    P0             84W /  400W |   12315MiB /  81920MiB |      3%      Default |
|                                         |                        |             Disabled |
+-----------------------------------------+------------------------+----------------------+
|   6  NVIDIA A100-SXM4-80GB          Off |   00000000:D9:00.0 Off |                    0 |
| N/A   38C    P0             86W /  400W |   62568MiB /  81920MiB |     24%      Default |
|                                         |                        |             Disabled |
+-----------------------------------------+------------------------+----------------------+
|   7  NVIDIA A100-SXM4-80GB          Off |   00000000:DC:00.0 Off |                    0 |
| N/A   36C    P0             65W /  400W |       0MiB /  81920MiB |      0%      Default |
|                                         |                        |             Disabled |
+-----------------------------------------+------------------------+----------------------+
                                                                                         
+-----------------------------------------------------------------------------------------+
| Processes:                                                                              |
|  GPU   GI   CI              PID   Type   Process name                        GPU Memory |
|        ID   ID                                                               Usage      |
|=========================================================================================|
|    0   N/A  N/A         1962907      C   python                                51632MiB |
|    1   N/A  N/A         2407339      C   python3                               17720MiB |
|    3   N/A  N/A         3246962      C   python3                               18142MiB |
|    4   N/A  N/A         1962907      C   python                                46050MiB |
|    5   N/A  N/A         3252488      C   python                                12306MiB |
|    6   N/A  N/A         2099202      C   sglang::scheduler                     48970MiB |
|    6   N/A  N/A         3252488      C   python                                13582MiB |
+-----------------------------------------------------------------------------------------+
Running inference with checkpoint ckpts/Self-Forcing/self_forcing_dmd.pt and prompts from assets/t2v.txt
Output will be saved to results/selfforcing/triton-nstages-kmeans-int2_64/kc_256_vc_256_nstages_1
Free VRAM 78.83880615234375 GB
KV inference with 3 frames per block
Number of prompts: 2

At Chunk 8, max tokens to quantize: 37440 tokens
Quantizing 37440 tokens, from 0 to 37440 tokens. The max tokens to quantize is 37440
Quantizing kv cache with config:
namespace(quant_type='triton-nstages-kmeans-int2', cache_num_k_centroids=256, cache_num_v_centroids=256, kmeans_max_iters=2, quant_block_size=64, num_prq_stages=1)
