hostname=lyg0236
start_time=2026-05-09 16:21:43
python=/mnt/public/apps/miniconda3/envs/qvg/bin/python
Sat May  9 16:21:43 2026       
+-----------------------------------------------------------------------------------------+
| NVIDIA-SMI 570.158.01             Driver Version: 570.158.01     CUDA Version: 12.8     |
|-----------------------------------------+------------------------+----------------------+
| GPU  Name                 Persistence-M | Bus-Id          Disp.A | Volatile Uncorr. ECC |
| Fan  Temp   Perf          Pwr:Usage/Cap |           Memory-Usage | GPU-Util  Compute M. |
|                                         |                        |               MIG M. |
|=========================================+========================+======================|
|   0  NVIDIA A100-SXM4-80GB          Off |   00000000:51:00.0 Off |                    0 |
| N/A   35C    P0             85W /  400W |    8827MiB /  81920MiB |     35%      Default |
|                                         |                        |             Disabled |
+-----------------------------------------+------------------------+----------------------+
|   1  NVIDIA A100-SXM4-80GB          Off |   00000000:56:00.0 Off |                    0 |
| N/A   30C    P0             62W /  400W |       4MiB /  81920MiB |      0%      Default |
|                                         |                        |             Disabled |
+-----------------------------------------+------------------------+----------------------+
|   2  NVIDIA A100-SXM4-80GB          Off |   00000000:6B:00.0 Off |                    0 |
| N/A   30C    P0             60W /  400W |       4MiB /  81920MiB |      0%      Default |
|                                         |                        |             Disabled |
+-----------------------------------------+------------------------+----------------------+
|   3  NVIDIA A100-SXM4-80GB          Off |   00000000:71:00.0 Off |                    0 |
| N/A   32C    P0             64W /  400W |       4MiB /  81920MiB |      0%      Default |
|                                         |                        |             Disabled |
+-----------------------------------------+------------------------+----------------------+
|   4  NVIDIA A100-SXM4-80GB          Off |   00000000:8A:00.0 Off |                    0 |
| N/A   34C    P0             81W /  400W |    5399MiB /  81920MiB |      6%      Default |
|                                         |                        |             Disabled |
+-----------------------------------------+------------------------+----------------------+
|   5  NVIDIA A100-SXM4-80GB          Off |   00000000:8E:00.0 Off |                    0 |
| N/A   30C    P0             62W /  400W |       4MiB /  81920MiB |      0%      Default |
|                                         |                        |             Disabled |
+-----------------------------------------+------------------------+----------------------+
|   6  NVIDIA A100-SXM4-80GB          Off |   00000000:D9:00.0 Off |                    0 |
| N/A   64C    P0            371W /  400W |   71551MiB /  81920MiB |     99%      Default |
|                                         |                        |             Disabled |
+-----------------------------------------+------------------------+----------------------+
|   7  NVIDIA A100-SXM4-80GB          Off |   00000000:DC:00.0 Off |                    0 |
| N/A   44C    P0             75W /  400W |    5123MiB /  81920MiB |      0%      Default |
|                                         |                        |             Disabled |
+-----------------------------------------+------------------------+----------------------+
                                                                                         
+-----------------------------------------------------------------------------------------+
| Processes:                                                                              |
|  GPU   GI   CI              PID   Type   Process name                        GPU Memory |
|        ID   ID                                                               Usage      |
|=========================================================================================|
|    0   N/A  N/A         2451221      C   python                                 8818MiB |
|    4   N/A  N/A          857692      C   python                                 3154MiB |
|    4   N/A  N/A         1190234      C   python                                 3080MiB |
|    6   N/A  N/A         1084505      C   python3                               71542MiB |
|    7   N/A  N/A         2545151      C   ...nda/envs/voxhammer/bin/python       2554MiB |
|    7   N/A  N/A         2584628      C   ...nda/envs/voxhammer/bin/python       2554MiB |
+-----------------------------------------------------------------------------------------+
Running inference with checkpoint ckpts/Self-Forcing/self_forcing_dmd.pt and prompts from assets/t2v.txt
Output will be saved to results/selfforcing/triton-nstages-kmeans-int2_64/kc_256_vc_256_nstages_1
Free VRAM 78.83880615234375 GB
KV inference with 3 frames per block
Number of prompts: 2

At Chunk 8, max tokens to quantize: 37440 tokens
Quantizing 37440 tokens, from 0 to 37440 tokens. The max tokens to quantize is 37440
Quantizing kv cache with config:
namespace(quant_type='triton-nstages-kmeans-int2', cache_num_k_centroids=256, cache_num_v_centroids=256, kmeans_max_iters=2, quant_block_size=64, num_prq_stages=1)
Quantization KV Cache Time: 55.85 s
Peak Memory Usage: 15208.70 MB | Other Memory Usage: 14197.68 MB | Per Layer Memory Usage: 33.78 MB | Total KV Cache Memory Usage: 1013.41 MB

At Chunk 16, max tokens to quantize: 74880 tokens
Quantizing 37440 tokens, from 37440 to 74880 tokens. The max tokens to quantize is 74880
Quantizing kv cache with config:
namespace(quant_type='triton-nstages-kmeans-int2', cache_num_k_centroids=256, cache_num_v_centroids=256, kmeans_max_iters=2, quant_block_size=64, num_prq_stages=1)
Quantization KV Cache Time: 0.35 s
Peak Memory Usage: 16205.82 MB | Other Memory Usage: 14197.06 MB | Per Layer Memory Usage: 67.07 MB | Total KV Cache Memory Usage: 2012.24 MB

At Chunk 24, max tokens to quantize: 112320 tokens
Quantizing 37440 tokens, from 74880 to 112320 tokens. The max tokens to quantize is 112320
Quantizing kv cache with config:
namespace(quant_type='triton-nstages-kmeans-int2', cache_num_k_centroids=256, cache_num_v_centroids=256, kmeans_max_iters=2, quant_block_size=64, num_prq_stages=1)
Quantization KV Cache Time: 0.26 s
Peak Memory Usage: 17202.68 MB | Other Memory Usage: 14197.06 MB | Per Layer Memory Usage: 99.67 MB | Total KV Cache Memory Usage: 2989.98 MB

At Chunk 32, max tokens to quantize: 149760 tokens
Quantizing 37440 tokens, from 112320 to 149760 tokens. The max tokens to quantize is 149760
Quantizing kv cache with config:
namespace(quant_type='triton-nstages-kmeans-int2', cache_num_k_centroids=256, cache_num_v_centroids=256, kmeans_max_iters=2, quant_block_size=64, num_prq_stages=1)
Quantization KV Cache Time: 0.25 s
Peak Memory Usage: 18199.63 MB | Other Memory Usage: 14197.06 MB | Per Layer Memory Usage: 132.87 MB | Total KV Cache Memory Usage: 3986.19 MB

At Chunk 40, max tokens to quantize: 187200 tokens
Quantizing 37440 tokens, from 149760 to 187200 tokens. The max tokens to quantize is 187200
Quantizing kv cache with config:
namespace(quant_type='triton-nstages-kmeans-int2', cache_num_k_centroids=256, cache_num_v_centroids=256, kmeans_max_iters=2, quant_block_size=64, num_prq_stages=1)
Quantization KV Cache Time: 0.25 s
Peak Memory Usage: 19196.65 MB | Other Memory Usage: 14197.06 MB | Per Layer Memory Usage: 166.08 MB | Total KV Cache Memory Usage: 4982.45 MB

At Chunk 48, max tokens to quantize: 224640 tokens
Quantizing 37440 tokens, from 187200 to 224640 tokens. The max tokens to quantize is 224640
Quantizing kv cache with config:
namespace(quant_type='triton-nstages-kmeans-int2', cache_num_k_centroids=256, cache_num_v_centroids=256, kmeans_max_iters=2, quant_block_size=64, num_prq_stages=1)
Quantization KV Cache Time: 0.28 s
Peak Memory Usage: 20192.68 MB | Other Memory Usage: 14197.06 MB | Per Layer Memory Usage: 199.27 MB | Total KV Cache Memory Usage: 5977.95 MB

At Chunk 56, max tokens to quantize: 262080 tokens
Quantizing 37440 tokens, from 224640 to 262080 tokens. The max tokens to quantize is 262080
Quantizing kv cache with config:
namespace(quant_type='triton-nstages-kmeans-int2', cache_num_k_centroids=256, cache_num_v_centroids=256, kmeans_max_iters=2, quant_block_size=64, num_prq_stages=1)
Quantization KV Cache Time: 0.33 s
Peak Memory Usage: 21189.98 MB | Other Memory Usage: 14197.06 MB | Per Layer Memory Usage: 232.46 MB | Total KV Cache Memory Usage: 6973.86 MB
Saving video to results/selfforcing/triton-nstages-kmeans-int2_64/kc_256_vc_256_nstages_1/0-0_ema.mp4

At Chunk 8, max tokens to quantize: 37440 tokens
Quantizing 37440 tokens, from 0 to 37440 tokens. The max tokens to quantize is 37440
Quantizing kv cache with config:
namespace(quant_type='triton-nstages-kmeans-int2', cache_num_k_centroids=256, cache_num_v_centroids=256, kmeans_max_iters=2, quant_block_size=64, num_prq_stages=1)
Quantization KV Cache Time: 0.23 s
Peak Memory Usage: 24525.35 MB | Other Memory Usage: 14228.79 MB | Per Layer Memory Usage: 342.68 MB | Total KV Cache Memory Usage: 10280.29 MB

At Chunk 16, max tokens to quantize: 74880 tokens
Quantizing 37440 tokens, from 37440 to 74880 tokens. The max tokens to quantize is 74880
Quantizing kv cache with config:
namespace(quant_type='triton-nstages-kmeans-int2', cache_num_k_centroids=256, cache_num_v_centroids=256, kmeans_max_iters=2, quant_block_size=64, num_prq_stages=1)
Quantization KV Cache Time: 0.22 s
Peak Memory Usage: 24527.33 MB | Other Memory Usage: 14228.79 MB | Per Layer Memory Usage: 342.71 MB | Total KV Cache Memory Usage: 10281.27 MB

At Chunk 24, max tokens to quantize: 112320 tokens
Quantizing 37440 tokens, from 74880 to 112320 tokens. The max tokens to quantize is 112320
Quantizing kv cache with config:
namespace(quant_type='triton-nstages-kmeans-int2', cache_num_k_centroids=256, cache_num_v_centroids=256, kmeans_max_iters=2, quant_block_size=64, num_prq_stages=1)
Quantization KV Cache Time: 0.24 s
Peak Memory Usage: 24527.62 MB | Other Memory Usage: 14228.79 MB | Per Layer Memory Usage: 342.71 MB | Total KV Cache Memory Usage: 10281.27 MB

At Chunk 32, max tokens to quantize: 149760 tokens
Quantizing 37440 tokens, from 112320 to 149760 tokens. The max tokens to quantize is 149760
Quantizing kv cache with config:
namespace(quant_type='triton-nstages-kmeans-int2', cache_num_k_centroids=256, cache_num_v_centroids=256, kmeans_max_iters=2, quant_block_size=64, num_prq_stages=1)
Quantization KV Cache Time: 0.24 s
Peak Memory Usage: 24527.44 MB | Other Memory Usage: 14228.79 MB | Per Layer Memory Usage: 342.71 MB | Total KV Cache Memory Usage: 10281.27 MB

At Chunk 40, max tokens to quantize: 187200 tokens
Quantizing 37440 tokens, from 149760 to 187200 tokens. The max tokens to quantize is 187200
Quantizing kv cache with config:
namespace(quant_type='triton-nstages-kmeans-int2', cache_num_k_centroids=256, cache_num_v_centroids=256, kmeans_max_iters=2, quant_block_size=64, num_prq_stages=1)
Quantization KV Cache Time: 0.24 s
Peak Memory Usage: 24531.12 MB | Other Memory Usage: 14228.79 MB | Per Layer Memory Usage: 342.76 MB | Total KV Cache Memory Usage: 10282.88 MB

At Chunk 48, max tokens to quantize: 224640 tokens
Quantizing 37440 tokens, from 187200 to 224640 tokens. The max tokens to quantize is 224640
Quantizing kv cache with config:
namespace(quant_type='triton-nstages-kmeans-int2', cache_num_k_centroids=256, cache_num_v_centroids=256, kmeans_max_iters=2, quant_block_size=64, num_prq_stages=1)
Quantization KV Cache Time: 0.24 s
Peak Memory Usage: 24529.41 MB | Other Memory Usage: 14228.79 MB | Per Layer Memory Usage: 342.77 MB | Total KV Cache Memory Usage: 10283.23 MB

At Chunk 56, max tokens to quantize: 262080 tokens
Quantizing 37440 tokens, from 224640 to 262080 tokens. The max tokens to quantize is 262080
Quantizing kv cache with config:
namespace(quant_type='triton-nstages-kmeans-int2', cache_num_k_centroids=256, cache_num_v_centroids=256, kmeans_max_iters=2, quant_block_size=64, num_prq_stages=1)
Quantization KV Cache Time: 0.24 s
Peak Memory Usage: 24529.63 MB | Other Memory Usage: 14228.79 MB | Per Layer Memory Usage: 342.77 MB | Total KV Cache Memory Usage: 10283.23 MB
Saving video to results/selfforcing/triton-nstages-kmeans-int2_64/kc_256_vc_256_nstages_1/1-0_ema.mp4
end_time=2026-05-09 16:46:39
